[INFO  - 2019-01-07T12:00:16.087Z] GhostDriver - Main - running on port 51703
[INFO  - 2019-01-07T12:00:18.178Z] Session [cd0581e0-1273-11e9-81a6-b96f7616ba21] - page.settings - {"XSSAuditingEnabled":false,"javascriptCanCloseWindows":true,"javascriptCanOpenWindows":true,"javascriptEnabled":true,"loadImages":true,"localToRemoteUrlAccessEnabled":false,"userAgent":"Mozilla/5.0 (Windows NT 6.2; WOW64) AppleWebKit/538.1 (KHTML, like Gecko) PhantomJS/2.1.1 Safari/538.1","webSecurityEnabled":true}
[INFO  - 2019-01-07T12:00:18.178Z] Session [cd0581e0-1273-11e9-81a6-b96f7616ba21] - page.customHeaders:  - {}
[INFO  - 2019-01-07T12:00:18.182Z] Session [cd0581e0-1273-11e9-81a6-b96f7616ba21] - Session.negotiatedCapabilities - {"browserName":"phantomjs","version":"2.1.1","driverName":"ghostdriver","driverVersion":"1.2.0","platform":"windows-10-32bit","javascriptEnabled":true,"takesScreenshot":true,"handlesAlerts":false,"databaseEnabled":false,"locationContextEnabled":false,"applicationCacheEnabled":false,"browserConnectionEnabled":false,"cssSelectorsEnabled":true,"webStorageEnabled":false,"rotatable":false,"acceptSslCerts":false,"nativeEvents":true,"proxy":{"proxyType":"direct"}}
[INFO  - 2019-01-07T12:00:18.182Z] SessionManagerReqHand - _postNewSessionCommand - New Session Created: cd0581e0-1273-11e9-81a6-b96f7616ba21
[ERROR - 2019-01-07T12:00:18.879Z] Session [cd0581e0-1273-11e9-81a6-b96f7616ba21] - page.onError - msg: TypeError: null is not an object (evaluating 'document.getElementById('js_comment_box03').style')

  phantomjs://platform/console++.js:263 in error
[ERROR - 2019-01-07T12:00:18.880Z] Session [cd0581e0-1273-11e9-81a6-b96f7616ba21] - page.onError - stack:
  (anonymous function) (http://p2.ifengimg.com/a/2018/0809/comment_number_add1.js:59)

  phantomjs://platform/console++.js:263 in error
[ERROR - 2019-01-07T12:00:18.880Z] Session [cd0581e0-1273-11e9-81a6-b96f7616ba21] - page.onError - msg: TypeError: null is not an object (evaluating 'document.getElementById('js_comment_box03').style')

  phantomjs://platform/console++.js:263 in error
[ERROR - 2019-01-07T12:00:18.880Z] Session [cd0581e0-1273-11e9-81a6-b96f7616ba21] - page.onError - stack:
  (anonymous function) (http://p2.ifengimg.com/a/2018/0809/comment_number_add1.js:72)

  phantomjs://platform/console++.js:263 in error
[ERROR - 2019-01-07T12:00:19.179Z] Session [cd0581e0-1273-11e9-81a6-b96f7616ba21] - page.onError - msg: TypeError: null is not an object (evaluating 'document.getElementById('js_comment_box03').style')

  phantomjs://platform/console++.js:263 in error
[ERROR - 2019-01-07T12:00:19.179Z] Session [cd0581e0-1273-11e9-81a6-b96f7616ba21] - page.onError - stack:
  (anonymous function) (http://p2.ifengimg.com/a/2018/0809/comment_number_add1.js:59)

  phantomjs://platform/console++.js:263 in error
[ERROR - 2019-01-07T12:00:19.179Z] Session [cd0581e0-1273-11e9-81a6-b96f7616ba21] - page.onError - msg: TypeError: null is not an object (evaluating 'document.getElementById('js_comment_box03').style')

  phantomjs://platform/console++.js:263 in error
[ERROR - 2019-01-07T12:00:19.179Z] Session [cd0581e0-1273-11e9-81a6-b96f7616ba21] - page.onError - stack:
  (anonymous function) (http://p2.ifengimg.com/a/2018/0809/comment_number_add1.js:72)

  phantomjs://platform/console++.js:263 in error
[ERROR - 2019-01-07T12:00:19.487Z] Session [cd0581e0-1273-11e9-81a6-b96f7616ba21] - page.onError - msg: TypeError: null is not an object (evaluating 'document.getElementById('js_comment_box03').style')

  phantomjs://platform/console++.js:263 in error
[ERROR - 2019-01-07T12:00:19.487Z] Session [cd0581e0-1273-11e9-81a6-b96f7616ba21] - page.onError - stack:
  (anonymous function) (http://p2.ifengimg.com/a/2018/0809/comment_number_add1.js:59)

  phantomjs://platform/console++.js:263 in error
[ERROR - 2019-01-07T12:00:19.487Z] Session [cd0581e0-1273-11e9-81a6-b96f7616ba21] - page.onError - msg: TypeError: null is not an object (evaluating 'document.getElementById('js_comment_box03').style')

  phantomjs://platform/console++.js:263 in error
[ERROR - 2019-01-07T12:00:19.488Z] Session [cd0581e0-1273-11e9-81a6-b96f7616ba21] - page.onError - stack:
  (anonymous function) (http://p2.ifengimg.com/a/2018/0809/comment_number_add1.js:72)

  phantomjs://platform/console++.js:263 in error
[ERROR - 2019-01-07T12:00:19.796Z] Session [cd0581e0-1273-11e9-81a6-b96f7616ba21] - page.onError - msg: TypeError: null is not an object (evaluating 'document.getElementById('js_comment_box03').style')

  phantomjs://platform/console++.js:263 in error
[ERROR - 2019-01-07T12:00:19.796Z] Session [cd0581e0-1273-11e9-81a6-b96f7616ba21] - page.onError - stack:
  (anonymous function) (http://p2.ifengimg.com/a/2018/0809/comment_number_add1.js:59)

  phantomjs://platform/console++.js:263 in error
[ERROR - 2019-01-07T12:00:19.796Z] Session [cd0581e0-1273-11e9-81a6-b96f7616ba21] - page.onError - msg: TypeError: null is not an object (evaluating 'document.getElementById('js_comment_box03').style')

  phantomjs://platform/console++.js:263 in error
[ERROR - 2019-01-07T12:00:19.796Z] Session [cd0581e0-1273-11e9-81a6-b96f7616ba21] - page.onError - stack:
  (anonymous function) (http://p2.ifengimg.com/a/2018/0809/comment_number_add1.js:72)

  phantomjs://platform/console++.js:263 in error
[ERROR - 2019-01-07T12:00:20.096Z] Session [cd0581e0-1273-11e9-81a6-b96f7616ba21] - page.onError - msg: TypeError: null is not an object (evaluating 'document.getElementById('js_comment_box03').style')

  phantomjs://platform/console++.js:263 in error
[ERROR - 2019-01-07T12:00:20.096Z] Session [cd0581e0-1273-11e9-81a6-b96f7616ba21] - page.onError - stack:
  (anonymous function) (http://p2.ifengimg.com/a/2018/0809/comment_number_add1.js:59)

  phantomjs://platform/console++.js:263 in error
[ERROR - 2019-01-07T12:00:20.096Z] Session [cd0581e0-1273-11e9-81a6-b96f7616ba21] - page.onError - msg: TypeError: null is not an object (evaluating 'document.getElementById('js_comment_box03').style')

  phantomjs://platform/console++.js:263 in error
[ERROR - 2019-01-07T12:00:20.096Z] Session [cd0581e0-1273-11e9-81a6-b96f7616ba21] - page.onError - stack:
  (anonymous function) (http://p2.ifengimg.com/a/2018/0809/comment_number_add1.js:72)

  phantomjs://platform/console++.js:263 in error
[ERROR - 2019-01-07T12:00:20.402Z] Session [cd0581e0-1273-11e9-81a6-b96f7616ba21] - page.onError - msg: TypeError: null is not an object (evaluating 'document.getElementById('js_comment_box03').style')

  phantomjs://platform/console++.js:263 in error
[ERROR - 2019-01-07T12:00:20.403Z] Session [cd0581e0-1273-11e9-81a6-b96f7616ba21] - page.onError - stack:
  (anonymous function) (http://p2.ifengimg.com/a/2018/0809/comment_number_add1.js:59)

  phantomjs://platform/console++.js:263 in error
[ERROR - 2019-01-07T12:00:20.403Z] Session [cd0581e0-1273-11e9-81a6-b96f7616ba21] - page.onError - msg: TypeError: null is not an object (evaluating 'document.getElementById('js_comment_box03').style')

  phantomjs://platform/console++.js:263 in error
[ERROR - 2019-01-07T12:00:20.403Z] Session [cd0581e0-1273-11e9-81a6-b96f7616ba21] - page.onError - stack:
  (anonymous function) (http://p2.ifengimg.com/a/2018/0809/comment_number_add1.js:72)

  phantomjs://platform/console++.js:263 in error
[ERROR - 2019-01-07T12:00:20.713Z] Session [cd0581e0-1273-11e9-81a6-b96f7616ba21] - page.onError - msg: TypeError: null is not an object (evaluating 'document.getElementById('js_comment_box03').style')

  phantomjs://platform/console++.js:263 in error
[ERROR - 2019-01-07T12:00:20.713Z] Session [cd0581e0-1273-11e9-81a6-b96f7616ba21] - page.onError - stack:
  (anonymous function) (http://p2.ifengimg.com/a/2018/0809/comment_number_add1.js:59)

  phantomjs://platform/console++.js:263 in error
[ERROR - 2019-01-07T12:00:20.713Z] Session [cd0581e0-1273-11e9-81a6-b96f7616ba21] - page.onError - msg: TypeError: null is not an object (evaluating 'document.getElementById('js_comment_box03').style')

  phantomjs://platform/console++.js:263 in error
[ERROR - 2019-01-07T12:00:20.713Z] Session [cd0581e0-1273-11e9-81a6-b96f7616ba21] - page.onError - stack:
  (anonymous function) (http://p2.ifengimg.com/a/2018/0809/comment_number_add1.js:72)

  phantomjs://platform/console++.js:263 in error
[ERROR - 2019-01-07T12:00:21.016Z] Session [cd0581e0-1273-11e9-81a6-b96f7616ba21] - page.onError - msg: TypeError: null is not an object (evaluating 'document.getElementById('js_comment_box03').style')

  phantomjs://platform/console++.js:263 in error
[ERROR - 2019-01-07T12:00:21.016Z] Session [cd0581e0-1273-11e9-81a6-b96f7616ba21] - page.onError - stack:
  (anonymous function) (http://p2.ifengimg.com/a/2018/0809/comment_number_add1.js:59)

  phantomjs://platform/console++.js:263 in error
[ERROR - 2019-01-07T12:00:21.016Z] Session [cd0581e0-1273-11e9-81a6-b96f7616ba21] - page.onError - msg: TypeError: null is not an object (evaluating 'document.getElementById('js_comment_box03').style')

  phantomjs://platform/console++.js:263 in error
[ERROR - 2019-01-07T12:00:21.017Z] Session [cd0581e0-1273-11e9-81a6-b96f7616ba21] - page.onError - stack:
  (anonymous function) (http://p2.ifengimg.com/a/2018/0809/comment_number_add1.js:72)

  phantomjs://platform/console++.js:263 in error
[ERROR - 2019-01-07T12:00:21.331Z] Session [cd0581e0-1273-11e9-81a6-b96f7616ba21] - page.onError - msg: TypeError: null is not an object (evaluating 'document.getElementById('js_comment_box03').style')

  phantomjs://platform/console++.js:263 in error
[ERROR - 2019-01-07T12:00:21.331Z] Session [cd0581e0-1273-11e9-81a6-b96f7616ba21] - page.onError - stack:
  (anonymous function) (http://p2.ifengimg.com/a/2018/0809/comment_number_add1.js:59)

  phantomjs://platform/console++.js:263 in error
[ERROR - 2019-01-07T12:00:21.331Z] Session [cd0581e0-1273-11e9-81a6-b96f7616ba21] - page.onError - msg: TypeError: null is not an object (evaluating 'document.getElementById('js_comment_box03').style')

  phantomjs://platform/console++.js:263 in error
[ERROR - 2019-01-07T12:00:21.331Z] Session [cd0581e0-1273-11e9-81a6-b96f7616ba21] - page.onError - stack:
  (anonymous function) (http://p2.ifengimg.com/a/2018/0809/comment_number_add1.js:72)

  phantomjs://platform/console++.js:263 in error
[ERROR - 2019-01-07T12:00:21.636Z] Session [cd0581e0-1273-11e9-81a6-b96f7616ba21] - page.onError - msg: TypeError: null is not an object (evaluating 'document.getElementById('js_comment_box03').style')

  phantomjs://platform/console++.js:263 in error
[ERROR - 2019-01-07T12:00:21.636Z] Session [cd0581e0-1273-11e9-81a6-b96f7616ba21] - page.onError - stack:
  (anonymous function) (http://p2.ifengimg.com/a/2018/0809/comment_number_add1.js:59)

  phantomjs://platform/console++.js:263 in error
[ERROR - 2019-01-07T12:00:21.636Z] Session [cd0581e0-1273-11e9-81a6-b96f7616ba21] - page.onError - msg: TypeError: null is not an object (evaluating 'document.getElementById('js_comment_box03').style')

  phantomjs://platform/console++.js:263 in error
[ERROR - 2019-01-07T12:00:21.636Z] Session [cd0581e0-1273-11e9-81a6-b96f7616ba21] - page.onError - stack:
  (anonymous function) (http://p2.ifengimg.com/a/2018/0809/comment_number_add1.js:72)

  phantomjs://platform/console++.js:263 in error
[ERROR - 2019-01-07T12:00:21.948Z] Session [cd0581e0-1273-11e9-81a6-b96f7616ba21] - page.onError - msg: TypeError: null is not an object (evaluating 'document.getElementById('js_comment_box03').style')

  phantomjs://platform/console++.js:263 in error
[ERROR - 2019-01-07T12:00:21.949Z] Session [cd0581e0-1273-11e9-81a6-b96f7616ba21] - page.onError - stack:
  (anonymous function) (http://p2.ifengimg.com/a/2018/0809/comment_number_add1.js:59)

  phantomjs://platform/console++.js:263 in error
[ERROR - 2019-01-07T12:00:21.949Z] Session [cd0581e0-1273-11e9-81a6-b96f7616ba21] - page.onError - msg: TypeError: null is not an object (evaluating 'document.getElementById('js_comment_box03').style')

  phantomjs://platform/console++.js:263 in error
[ERROR - 2019-01-07T12:00:21.949Z] Session [cd0581e0-1273-11e9-81a6-b96f7616ba21] - page.onError - stack:
  (anonymous function) (http://p2.ifengimg.com/a/2018/0809/comment_number_add1.js:72)

  phantomjs://platform/console++.js:263 in error
[ERROR - 2019-01-07T12:00:22.262Z] Session [cd0581e0-1273-11e9-81a6-b96f7616ba21] - page.onError - msg: TypeError: null is not an object (evaluating 'document.getElementById('js_comment_box03').style')

  phantomjs://platform/console++.js:263 in error
[ERROR - 2019-01-07T12:00:22.262Z] Session [cd0581e0-1273-11e9-81a6-b96f7616ba21] - page.onError - stack:
  (anonymous function) (http://p2.ifengimg.com/a/2018/0809/comment_number_add1.js:59)

  phantomjs://platform/console++.js:263 in error
[ERROR - 2019-01-07T12:00:22.262Z] Session [cd0581e0-1273-11e9-81a6-b96f7616ba21] - page.onError - msg: TypeError: null is not an object (evaluating 'document.getElementById('js_comment_box03').style')

  phantomjs://platform/console++.js:263 in error
[ERROR - 2019-01-07T12:00:22.262Z] Session [cd0581e0-1273-11e9-81a6-b96f7616ba21] - page.onError - stack:
  (anonymous function) (http://p2.ifengimg.com/a/2018/0809/comment_number_add1.js:72)

  phantomjs://platform/console++.js:263 in error
[ERROR - 2019-01-07T12:00:22.562Z] Session [cd0581e0-1273-11e9-81a6-b96f7616ba21] - page.onError - msg: TypeError: null is not an object (evaluating 'document.getElementById('js_comment_box03').style')

  phantomjs://platform/console++.js:263 in error
[ERROR - 2019-01-07T12:00:22.562Z] Session [cd0581e0-1273-11e9-81a6-b96f7616ba21] - page.onError - stack:
  (anonymous function) (http://p2.ifengimg.com/a/2018/0809/comment_number_add1.js:59)

  phantomjs://platform/console++.js:263 in error
[ERROR - 2019-01-07T12:00:22.563Z] Session [cd0581e0-1273-11e9-81a6-b96f7616ba21] - page.onError - msg: TypeError: null is not an object (evaluating 'document.getElementById('js_comment_box03').style')

  phantomjs://platform/console++.js:263 in error
[ERROR - 2019-01-07T12:00:22.563Z] Session [cd0581e0-1273-11e9-81a6-b96f7616ba21] - page.onError - stack:
  (anonymous function) (http://p2.ifengimg.com/a/2018/0809/comment_number_add1.js:72)

  phantomjs://platform/console++.js:263 in error
[ERROR - 2019-01-07T12:00:22.871Z] Session [cd0581e0-1273-11e9-81a6-b96f7616ba21] - page.onError - msg: TypeError: null is not an object (evaluating 'document.getElementById('js_comment_box03').style')

  phantomjs://platform/console++.js:263 in error
[ERROR - 2019-01-07T12:00:22.871Z] Session [cd0581e0-1273-11e9-81a6-b96f7616ba21] - page.onError - stack:
  (anonymous function) (http://p2.ifengimg.com/a/2018/0809/comment_number_add1.js:59)

  phantomjs://platform/console++.js:263 in error
[ERROR - 2019-01-07T12:00:22.871Z] Session [cd0581e0-1273-11e9-81a6-b96f7616ba21] - page.onError - msg: TypeError: null is not an object (evaluating 'document.getElementById('js_comment_box03').style')

  phantomjs://platform/console++.js:263 in error
[ERROR - 2019-01-07T12:00:22.872Z] Session [cd0581e0-1273-11e9-81a6-b96f7616ba21] - page.onError - stack:
  (anonymous function) (http://p2.ifengimg.com/a/2018/0809/comment_number_add1.js:72)

  phantomjs://platform/console++.js:263 in error
[ERROR - 2019-01-07T12:00:23.172Z] Session [cd0581e0-1273-11e9-81a6-b96f7616ba21] - page.onError - msg: TypeError: null is not an object (evaluating 'document.getElementById('js_comment_box03').style')

  phantomjs://platform/console++.js:263 in error
[ERROR - 2019-01-07T12:00:23.172Z] Session [cd0581e0-1273-11e9-81a6-b96f7616ba21] - page.onError - stack:
  (anonymous function) (http://p2.ifengimg.com/a/2018/0809/comment_number_add1.js:59)

  phantomjs://platform/console++.js:263 in error
[ERROR - 2019-01-07T12:00:23.172Z] Session [cd0581e0-1273-11e9-81a6-b96f7616ba21] - page.onError - msg: TypeError: null is not an object (evaluating 'document.getElementById('js_comment_box03').style')

  phantomjs://platform/console++.js:263 in error
[ERROR - 2019-01-07T12:00:23.172Z] Session [cd0581e0-1273-11e9-81a6-b96f7616ba21] - page.onError - stack:
  (anonymous function) (http://p2.ifengimg.com/a/2018/0809/comment_number_add1.js:72)

  phantomjs://platform/console++.js:263 in error
[ERROR - 2019-01-07T12:00:23.485Z] Session [cd0581e0-1273-11e9-81a6-b96f7616ba21] - page.onError - msg: TypeError: null is not an object (evaluating 'document.getElementById('js_comment_box03').style')

  phantomjs://platform/console++.js:263 in error
[ERROR - 2019-01-07T12:00:23.485Z] Session [cd0581e0-1273-11e9-81a6-b96f7616ba21] - page.onError - stack:
  (anonymous function) (http://p2.ifengimg.com/a/2018/0809/comment_number_add1.js:59)

  phantomjs://platform/console++.js:263 in error
[ERROR - 2019-01-07T12:00:23.485Z] Session [cd0581e0-1273-11e9-81a6-b96f7616ba21] - page.onError - msg: TypeError: null is not an object (evaluating 'document.getElementById('js_comment_box03').style')

  phantomjs://platform/console++.js:263 in error
[ERROR - 2019-01-07T12:00:23.485Z] Session [cd0581e0-1273-11e9-81a6-b96f7616ba21] - page.onError - stack:
  (anonymous function) (http://p2.ifengimg.com/a/2018/0809/comment_number_add1.js:72)

  phantomjs://platform/console++.js:263 in error
[ERROR - 2019-01-07T12:00:23.797Z] Session [cd0581e0-1273-11e9-81a6-b96f7616ba21] - page.onError - msg: TypeError: null is not an object (evaluating 'document.getElementById('js_comment_box03').style')

  phantomjs://platform/console++.js:263 in error
[ERROR - 2019-01-07T12:00:23.797Z] Session [cd0581e0-1273-11e9-81a6-b96f7616ba21] - page.onError - stack:
  (anonymous function) (http://p2.ifengimg.com/a/2018/0809/comment_number_add1.js:59)

  phantomjs://platform/console++.js:263 in error
[ERROR - 2019-01-07T12:00:23.797Z] Session [cd0581e0-1273-11e9-81a6-b96f7616ba21] - page.onError - msg: TypeError: null is not an object (evaluating 'document.getElementById('js_comment_box03').style')

  phantomjs://platform/console++.js:263 in error
[ERROR - 2019-01-07T12:00:23.797Z] Session [cd0581e0-1273-11e9-81a6-b96f7616ba21] - page.onError - stack:
  (anonymous function) (http://p2.ifengimg.com/a/2018/0809/comment_number_add1.js:72)

  phantomjs://platform/console++.js:263 in error
[ERROR - 2019-01-07T12:00:24.097Z] Session [cd0581e0-1273-11e9-81a6-b96f7616ba21] - page.onError - msg: TypeError: null is not an object (evaluating 'document.getElementById('js_comment_box03').style')

  phantomjs://platform/console++.js:263 in error
[ERROR - 2019-01-07T12:00:24.097Z] Session [cd0581e0-1273-11e9-81a6-b96f7616ba21] - page.onError - stack:
  (anonymous function) (http://p2.ifengimg.com/a/2018/0809/comment_number_add1.js:59)

  phantomjs://platform/console++.js:263 in error
[ERROR - 2019-01-07T12:00:24.097Z] Session [cd0581e0-1273-11e9-81a6-b96f7616ba21] - page.onError - msg: TypeError: null is not an object (evaluating 'document.getElementById('js_comment_box03').style')

  phantomjs://platform/console++.js:263 in error
[ERROR - 2019-01-07T12:00:24.098Z] Session [cd0581e0-1273-11e9-81a6-b96f7616ba21] - page.onError - stack:
  (anonymous function) (http://p2.ifengimg.com/a/2018/0809/comment_number_add1.js:72)

  phantomjs://platform/console++.js:263 in error
[ERROR - 2019-01-07T12:00:24.397Z] Session [cd0581e0-1273-11e9-81a6-b96f7616ba21] - page.onError - msg: TypeError: null is not an object (evaluating 'document.getElementById('js_comment_box03').style')

  phantomjs://platform/console++.js:263 in error
[ERROR - 2019-01-07T12:00:24.397Z] Session [cd0581e0-1273-11e9-81a6-b96f7616ba21] - page.onError - stack:
  (anonymous function) (http://p2.ifengimg.com/a/2018/0809/comment_number_add1.js:59)

  phantomjs://platform/console++.js:263 in error
[ERROR - 2019-01-07T12:00:24.397Z] Session [cd0581e0-1273-11e9-81a6-b96f7616ba21] - page.onError - msg: TypeError: null is not an object (evaluating 'document.getElementById('js_comment_box03').style')

  phantomjs://platform/console++.js:263 in error
[ERROR - 2019-01-07T12:00:24.398Z] Session [cd0581e0-1273-11e9-81a6-b96f7616ba21] - page.onError - stack:
  (anonymous function) (http://p2.ifengimg.com/a/2018/0809/comment_number_add1.js:72)

  phantomjs://platform/console++.js:263 in error
[ERROR - 2019-01-07T12:00:24.702Z] Session [cd0581e0-1273-11e9-81a6-b96f7616ba21] - page.onError - msg: TypeError: null is not an object (evaluating 'document.getElementById('js_comment_box03').style')

  phantomjs://platform/console++.js:263 in error
[ERROR - 2019-01-07T12:00:24.702Z] Session [cd0581e0-1273-11e9-81a6-b96f7616ba21] - page.onError - stack:
  (anonymous function) (http://p2.ifengimg.com/a/2018/0809/comment_number_add1.js:59)

  phantomjs://platform/console++.js:263 in error
[ERROR - 2019-01-07T12:00:24.702Z] Session [cd0581e0-1273-11e9-81a6-b96f7616ba21] - page.onError - msg: TypeError: null is not an object (evaluating 'document.getElementById('js_comment_box03').style')

  phantomjs://platform/console++.js:263 in error
[ERROR - 2019-01-07T12:00:24.702Z] Session [cd0581e0-1273-11e9-81a6-b96f7616ba21] - page.onError - stack:
  (anonymous function) (http://p2.ifengimg.com/a/2018/0809/comment_number_add1.js:72)

  phantomjs://platform/console++.js:263 in error
[ERROR - 2019-01-07T12:00:25.002Z] Session [cd0581e0-1273-11e9-81a6-b96f7616ba21] - page.onError - msg: TypeError: null is not an object (evaluating 'document.getElementById('js_comment_box03').style')

  phantomjs://platform/console++.js:263 in error
[ERROR - 2019-01-07T12:00:25.002Z] Session [cd0581e0-1273-11e9-81a6-b96f7616ba21] - page.onError - stack:
  (anonymous function) (http://p2.ifengimg.com/a/2018/0809/comment_number_add1.js:59)

  phantomjs://platform/console++.js:263 in error
[ERROR - 2019-01-07T12:00:25.002Z] Session [cd0581e0-1273-11e9-81a6-b96f7616ba21] - page.onError - msg: TypeError: null is not an object (evaluating 'document.getElementById('js_comment_box03').style')

  phantomjs://platform/console++.js:263 in error
[ERROR - 2019-01-07T12:00:25.002Z] Session [cd0581e0-1273-11e9-81a6-b96f7616ba21] - page.onError - stack:
  (anonymous function) (http://p2.ifengimg.com/a/2018/0809/comment_number_add1.js:72)

  phantomjs://platform/console++.js:263 in error
