2019-01-17 16:24:13,546 - ./join_crawl_imgs.log - ERROR - fr_ticket - get_indexs - As your payment was not authorised we could not complete your reservation. Please ensure that the information was correct or use a new payment to try again
2019-01-17 16:24:13,546 - ./join_crawl_imgs.log - ERROR - fr_ticket - get_indexs - As your payment was not authorised we could not complete your reservation. Please ensure that the information was correct or use a new payment to try again
2019-01-17 16:28:48,214 - ./join_crawl_imgs.log - ERROR - fr_ticket - get_indexs - 选择乘客性别时候出现错误,Message: Cannot locate option with value: string:MRS

2019-01-17 16:28:48,214 - ./join_crawl_imgs.log - ERROR - fr_ticket - get_indexs - 选择乘客性别时候出现错误,Message: Cannot locate option with value: string:MRS

2019-01-17 16:30:16,811 - ./join_crawl_imgs.log - ERROR - yanjia_ - get_index - 在加载首页时候出现异常,('Connection aborted.', ConnectionResetError(104, 'Connection reset by peer'))
2019-01-17 16:30:16,811 - ./join_crawl_imgs.log - ERROR - yanjia_ - get_index - 在加载首页时候出现异常,('Connection aborted.', ConnectionResetError(104, 'Connection reset by peer'))
2019-01-17 16:30:29,377 - ./join_crawl_imgs.log - ERROR - yanjia_ - get_flight_data - 没有获取到token,'x-session-token'
2019-01-17 16:30:29,377 - ./join_crawl_imgs.log - ERROR - yanjia_ - get_flight_data - 没有获取到token,'x-session-token'
2019-01-17 16:42:37,197 - ./join_crawl_imgs.log - ERROR - fr_ticket - get_indexs - 选择乘客性别时候出现错误,Message: Cannot locate option with value: string:MRS

2019-01-17 16:42:37,197 - ./join_crawl_imgs.log - ERROR - fr_ticket - get_indexs - 选择乘客性别时候出现错误,Message: Cannot locate option with value: string:MRS

2019-01-17 16:50:22,562 - ./join_crawl_imgs.log - ERROR - yanjia_ - get_index - 价格页面时候continue出现错误,Message: unknown error: Element <button id="continue" ng-if="!vm.getOperator() &amp;&amp; !vm.inChangeFlight" type="button" class="core-btn-primary core-btn-medium flight-selector__listing-footer-button-next" ng-disabled="search.isReturn &amp;&amp; !vm.journeys[1].model.fareType || !vm.journeys[0].model.fareType" translate="trips.summary.buttons.btn_continue" translate-default="" ng-click="vm.postFlight()" disabled="disabled">...</button> is not clickable at point (1042, 710). Other element would receive the click: <div class="flight-selector__listing-footer">...</div>
  (Session info: chrome=68.0.3440.84)
  (Driver info: chromedriver=2.37.544315 (730aa6a5fdba159ac9f4c1e8cbc59bf1b5ce12b7),platform=Linux 4.4.0-21-generic x86_64)

2019-01-17 16:50:22,562 - ./join_crawl_imgs.log - ERROR - yanjia_ - get_index - 价格页面时候continue出现错误,Message: unknown error: Element <button id="continue" ng-if="!vm.getOperator() &amp;&amp; !vm.inChangeFlight" type="button" class="core-btn-primary core-btn-medium flight-selector__listing-footer-button-next" ng-disabled="search.isReturn &amp;&amp; !vm.journeys[1].model.fareType || !vm.journeys[0].model.fareType" translate="trips.summary.buttons.btn_continue" translate-default="" ng-click="vm.postFlight()" disabled="disabled">...</button> is not clickable at point (1042, 710). Other element would receive the click: <div class="flight-selector__listing-footer">...</div>
  (Session info: chrome=68.0.3440.84)
  (Driver info: chromedriver=2.37.544315 (730aa6a5fdba159ac9f4c1e8cbc59bf1b5ce12b7),platform=Linux 4.4.0-21-generic x86_64)

2019-01-17 16:54:07,103 - ./join_crawl_imgs.log - ERROR - yanjia_ - get_index - 价格页面时候continue出现错误,Message: unknown error: Element <button id="continue" ng-if="!vm.getOperator() &amp;&amp; !vm.inChangeFlight" type="button" class="core-btn-primary core-btn-medium flight-selector__listing-footer-button-next" ng-disabled="search.isReturn &amp;&amp; !vm.journeys[1].model.fareType || !vm.journeys[0].model.fareType" translate="trips.summary.buttons.btn_continue" translate-default="" ng-click="vm.postFlight()">...</button> is not clickable at point (1042, 774). Other element would receive the click: <main ui-view="mainView" noanimation="true">...</main>
  (Session info: chrome=68.0.3440.84)
  (Driver info: chromedriver=2.37.544315 (730aa6a5fdba159ac9f4c1e8cbc59bf1b5ce12b7),platform=Linux 4.4.0-21-generic x86_64)

2019-01-17 16:54:07,103 - ./join_crawl_imgs.log - ERROR - yanjia_ - get_index - 价格页面时候continue出现错误,Message: unknown error: Element <button id="continue" ng-if="!vm.getOperator() &amp;&amp; !vm.inChangeFlight" type="button" class="core-btn-primary core-btn-medium flight-selector__listing-footer-button-next" ng-disabled="search.isReturn &amp;&amp; !vm.journeys[1].model.fareType || !vm.journeys[0].model.fareType" translate="trips.summary.buttons.btn_continue" translate-default="" ng-click="vm.postFlight()">...</button> is not clickable at point (1042, 774). Other element would receive the click: <main ui-view="mainView" noanimation="true">...</main>
  (Session info: chrome=68.0.3440.84)
  (Driver info: chromedriver=2.37.544315 (730aa6a5fdba159ac9f4c1e8cbc59bf1b5ce12b7),platform=Linux 4.4.0-21-generic x86_64)

2019-01-17 17:34:50,382 - ./join_crawl_imgs.log - ERROR - yanjia_ - get_index - 在加载首页时候出现异常,Message: unknown error: failed to change window state to maximized, current state is normal
  (Session info: chrome=68.0.3440.84)
  (Driver info: chromedriver=2.37.544315 (730aa6a5fdba159ac9f4c1e8cbc59bf1b5ce12b7),platform=Linux 4.4.0-21-generic x86_64)

2019-01-17 17:34:50,382 - ./join_crawl_imgs.log - ERROR - yanjia_ - get_index - 在加载首页时候出现异常,Message: unknown error: failed to change window state to maximized, current state is normal
  (Session info: chrome=68.0.3440.84)
  (Driver info: chromedriver=2.37.544315 (730aa6a5fdba159ac9f4c1e8cbc59bf1b5ce12b7),platform=Linux 4.4.0-21-generic x86_64)

2019-01-17 17:38:18,196 - ./join_crawl_imgs.log - ERROR - yanjia_ - get_index - 在加载首页时候出现异常,Message: unknown error: failed to change window state to normal, current state is minimized
  (Session info: chrome=68.0.3440.84)
  (Driver info: chromedriver=2.37.544315 (730aa6a5fdba159ac9f4c1e8cbc59bf1b5ce12b7),platform=Linux 4.4.0-21-generic x86_64)

2019-01-17 17:38:18,196 - ./join_crawl_imgs.log - ERROR - yanjia_ - get_index - 在加载首页时候出现异常,Message: unknown error: failed to change window state to normal, current state is minimized
  (Session info: chrome=68.0.3440.84)
  (Driver info: chromedriver=2.37.544315 (730aa6a5fdba159ac9f4c1e8cbc59bf1b5ce12b7),platform=Linux 4.4.0-21-generic x86_64)

