2018-11-01 13:50:03 [scrapy.utils.log] INFO: Scrapy 1.5.1 started (bot: sick)
2018-11-01 13:50:03 [scrapy.utils.log] INFO: Versions: lxml 4.2.5.0, libxml2 2.9.8, cssselect 1.0.3, parsel 1.5.0, w3lib 1.19.0, Twisted 18.7.0, Python 3.5.6 |Anaconda, Inc.| (default, Aug 26 2018, 21:41:56) - [GCC 7.3.0], pyOpenSSL 18.0.0 (OpenSSL 1.0.2p  14 Aug 2018), cryptography 2.3.1, Platform Linux-4.15.0-38-generic-x86_64-with-debian-stretch-sid
2018-11-01 13:50:03 [scrapy.crawler] INFO: Overridden settings: {'BOT_NAME': 'sick', 'CONCURRENT_REQUESTS': 32, 'NEWSPIDER_MODULE': 'sick.spiders', 'LOG_FILE': 'jd_39.log', 'SPIDER_MODULES': ['sick.spiders']}
2018-11-01 13:50:03 [scrapy.middleware] INFO: Enabled extensions:
['scrapy.extensions.telnet.TelnetConsole',
 'scrapy.extensions.logstats.LogStats',
 'scrapy.extensions.corestats.CoreStats',
 'scrapy.extensions.memusage.MemoryUsage']
2018-11-01 13:50:03 [scrapy.middleware] INFO: Enabled downloader middlewares:
['scrapy.downloadermiddlewares.httpauth.HttpAuthMiddleware',
 'scrapy.downloadermiddlewares.downloadtimeout.DownloadTimeoutMiddleware',
 'scrapy.downloadermiddlewares.defaultheaders.DefaultHeadersMiddleware',
 'scrapy.downloadermiddlewares.useragent.UserAgentMiddleware',
 'sick.middlewares.UserAgentMiddleware',
 'scrapy.downloadermiddlewares.retry.RetryMiddleware',
 'scrapy.downloadermiddlewares.redirect.MetaRefreshMiddleware',
 'scrapy.downloadermiddlewares.httpcompression.HttpCompressionMiddleware',
 'scrapy.downloadermiddlewares.redirect.RedirectMiddleware',
 'scrapy.downloadermiddlewares.cookies.CookiesMiddleware',
 'scrapy.downloadermiddlewares.httpproxy.HttpProxyMiddleware',
 'scrapy.downloadermiddlewares.stats.DownloaderStats']
2018-11-01 13:50:03 [scrapy.middleware] INFO: Enabled spider middlewares:
['scrapy.spidermiddlewares.httperror.HttpErrorMiddleware',
 'scrapy.spidermiddlewares.offsite.OffsiteMiddleware',
 'scrapy.spidermiddlewares.referer.RefererMiddleware',
 'scrapy.spidermiddlewares.urllength.UrlLengthMiddleware',
 'scrapy.spidermiddlewares.depth.DepthMiddleware']
2018-11-01 13:50:03 [scrapy.middleware] INFO: Enabled item pipelines:
['sick.pipelines.SickPipeline']
2018-11-01 13:50:03 [scrapy.core.engine] INFO: Spider opened
2018-11-01 13:50:03 [scrapy.extensions.logstats] INFO: Crawled 0 pages (at 0 pages/min), scraped 0 items (at 0 items/min)
2018-11-01 13:50:03 [scrapy.extensions.telnet] DEBUG: Telnet console listening on 127.0.0.1:6023
2018-11-01 13:50:13 [scrapy.crawler] INFO: Received SIGINT, shutting down gracefully. Send again to force 
2018-11-01 13:50:13 [scrapy.core.engine] INFO: Closing spider (shutdown)
2018-11-01 13:51:03 [scrapy.extensions.logstats] INFO: Crawled 0 pages (at 0 pages/min), scraped 0 items (at 0 items/min)
2018-11-01 13:52:03 [scrapy.extensions.logstats] INFO: Crawled 0 pages (at 0 pages/min), scraped 0 items (at 0 items/min)
2018-11-01 13:52:12 [scrapy.downloadermiddlewares.retry] DEBUG: Retrying <GET http://ask.39.net/browse/jibing.html> (failed 1 times): TCP connection timed out: 110: Connection timed out.
2018-11-01 13:52:12 [scrapy.statscollectors] INFO: Dumping Scrapy stats:
{'downloader/exception_count': 1,
 'downloader/exception_type_count/twisted.internet.error.TCPTimedOutError': 1,
 'downloader/request_bytes': 227,
 'downloader/request_count': 1,
 'downloader/request_method_count/GET': 1,
 'finish_reason': 'shutdown',
 'finish_time': datetime.datetime(2018, 11, 1, 5, 52, 12, 951204),
 'log_count/DEBUG': 2,
 'log_count/INFO': 10,
 'memusage/max': 1603571712,
 'memusage/startup': 1603571712,
 'retry/count': 1,
 'retry/reason_count/twisted.internet.error.TCPTimedOutError': 1,
 'scheduler/dequeued': 1,
 'scheduler/dequeued/memory': 1,
 'scheduler/enqueued': 2,
 'scheduler/enqueued/memory': 2,
 'start_time': datetime.datetime(2018, 11, 1, 5, 50, 3, 208813)}
2018-11-01 13:52:12 [scrapy.core.engine] INFO: Spider closed (shutdown)
